<?xml version="1.0" encoding="UTF-8"?>
<!-- Generated by org.testng.reporters.JUnitReportReporter -->
<testsuite hostname="LAPTOP-V63JSBHA" failures="0" tests="2" name="selenium.Mavenjava.RestTest" time="0.021" errors="0" timestamp="31 Mar 2021 03:40:33 GMT" skipped="0">
  <testcase classname="selenium.Mavenjava.RestTest" name="TwitterTest" time="0.003"/>
  <testcase classname="selenium.Mavenjava.RestTest" name="ApiTest" time="0.018"/>
</testsuite> <!-- selenium.Mavenjava.RestTest -->
