<?xml version="1.0" encoding="UTF-8"?>
<!-- Generated by org.testng.reporters.JUnitReportReporter -->
<testsuite hostname="LAPTOP-V63JSBHA" failures="0" tests="2" name="selenium.Mavenjava.SeleniumTest" time="0.003" errors="0" timestamp="31 Mar 2021 03:40:33 GMT" skipped="0">
  <testcase classname="selenium.Mavenjava.SeleniumTest" name="browserAutomatinoTest" time="0.002"/>
  <testcase classname="selenium.Mavenjava.SeleniumTest" name="elementUITest" time="0.001"/>
</testsuite> <!-- selenium.Mavenjava.SeleniumTest -->
